<?xml version="1.0" encoding="UTF-8"?>
<!-- Generated by org.testng.reporters.JUnitReportReporter -->
<testsuite hostname="DESKTOP-5I8QE3D" failures="0" tests="1" name="restassured.trello" time="5.512" errors="0" timestamp="15 Nov 2022 06:58:32 GMT">
  <testcase classname="restassured.trello" name="tc4_update" time="5.512"/>
</testsuite> <!-- restassured.trello -->
