<?xml version="1.0" encoding="UTF-8"?>
<!-- Generated by org.testng.reporters.JUnitReportReporter -->
<testsuite hostname="DESKTOP-5I8QE3D" failures="0" tests="2" name="restassured.googlemaps_api" time="8.045" errors="0" timestamp="15 Nov 2022 07:25:24 GMT">
  <testcase classname="restassured.googlemaps_api" name="tc2_delete" time="0.419"/>
  <testcase classname="restassured.googlemaps_api" name="tc1_post" time="7.626"/>
</testsuite> <!-- restassured.googlemaps_api -->
