<?xml version="1.0" encoding="UTF-8"?>
<!-- Generated by org.testng.reporters.JUnitReportReporter -->
<testsuite hostname="DESKTOP-5I8QE3D" failures="0" tests="2" name="restassured.trello_api" time="9.393" errors="0" timestamp="15 Nov 2022 09:03:47 GMT">
  <testcase classname="restassured.trello_api" name="tc1_create" time="8.056"/>
  <testcase classname="restassured.trello_api" name="tc4_delete" time="1.337"/>
</testsuite> <!-- restassured.trello_api -->
