<?xml version="1.0" encoding="UTF-8"?>
<!-- Generated by org.testng.reporters.JUnitReportReporter -->
<testsuite hostname="DESKTOP-5I8QE3D" failures="0" tests="1" name="restassured.ecommerce_api" time="6.088" errors="0" timestamp="15 Nov 2022 17:11:30 GMT">
  <testcase classname="restassured.ecommerce_api" name="create_order" time="6.088"/>
</testsuite> <!-- restassured.ecommerce_api -->
