<?xml version="1.0" encoding="UTF-8"?>
<!-- Generated by org.testng.reporters.JUnitReportReporter -->
<testsuite hostname="DESKTOP-5I8QE3D" failures="0" tests="6" name="restassured.restassured1" time="10.375" errors="0" timestamp="14 Nov 2022 12:16:35 GMT">
  <testcase classname="restassured.restassured1" name="tc8_post" time="0.606"/>
  <testcase classname="restassured.restassured1" name="tc9_post" time="0.529"/>
  <testcase classname="restassured.restassured1" name="tc5_put" time="0.636"/>
  <testcase classname="restassured.restassured1" name="tc6_patch" time="0.565"/>
  <testcase classname="restassured.restassured1" name="tc2_get" time="7.220"/>
  <testcase classname="restassured.restassured1" name="tc4_post" time="0.819"/>
</testsuite> <!-- restassured.restassured1 -->
