<?xml version="1.0" encoding="UTF-8"?>
<!-- Generated by org.testng.reporters.JUnitReportReporter -->
<testsuite hostname="DESKTOP-5I8QE3D" failures="0" tests="2" name="restassured.googlemapsapi" time="9.110" errors="0" timestamp="15 Nov 2022 07:16:15 GMT">
  <testcase classname="restassured.googlemapsapi" name="tc2_delete" time="0.300"/>
  <testcase classname="restassured.googlemapsapi" name="tc1_post" time="8.810"/>
</testsuite> <!-- restassured.googlemapsapi -->
